<?xml version="1.0" encoding="UTF-8"?>
<testng-results ignored="0" total="1" passed="1" failed="0" skipped="0">
  <reporter-output>
  </reporter-output>
  <suite started-at="2022-02-13T13:51:59 WIB" name="Default suite" finished-at="2022-02-13T13:52:02 WIB" duration-ms="3247">
    <groups>
    </groups>
    <test started-at="2022-02-13T13:51:59 WIB" name="Default test" finished-at="2022-02-13T13:52:02 WIB" duration-ms="3247">
      <class name="tests.ValidateJSONSchema">
        <test-method signature="testGetListUser()[pri:0, instance:tests.ValidateJSONSchema@15aab8c6]" started-at="2022-02-13T13:51:59 WIB" name="testGetListUser" finished-at="2022-02-13T13:52:02 WIB" duration-ms="3200" status="PASS">
          <reporter-output>
          </reporter-output>
        </test-method> <!-- testGetListUser -->
      </class> <!-- tests.ValidateJSONSchema -->
    </test> <!-- Default test -->
  </suite> <!-- Default suite -->
</testng-results>
